<?xml version="1.0" encoding="UTF-8"?>
<!-- Generated by org.testng.reporters.JUnitReportReporter -->
<testsuite hostname="UNVII" failures="0" tests="1" name="Appium.Appium.Login" time="47.547" errors="0" timestamp="2025-08-13T14:55:37 IST" skipped="0">
  <testcase classname="Appium.Appium.Login" name="loginInsearchBox" time="47.547"/>
</testsuite> <!-- Appium.Appium.Login -->
