<?xml version="1.0" encoding="UTF-8"?>
<!-- Generated by org.testng.reporters.JUnitReportReporter -->
<testsuite hostname="UNVII" failures="0" tests="1" name="Appium.Appium.Testcase2" time="40.974" errors="0" timestamp="2025-08-11T13:28:03 IST" skipped="0">
  <testcase classname="Appium.Appium.Testcase2" name="LoginWithphoneNo" time="40.974"/>
</testsuite> <!-- Appium.Appium.Testcase2 -->
