<?xml version="1.0" encoding="UTF-8"?>
<!-- Generated by org.testng.reporters.JUnitReportReporter -->
<testsuite hostname="UNVII" failures="0" tests="1" name="Appium.Appium.Testcase2" time="38.382" errors="0" timestamp="2025-08-11T15:05:02 IST" skipped="0">
  <testcase classname="Appium.Appium.Testcase2" name="verifywrongemailid" time="38.382"/>
</testsuite> <!-- Appium.Appium.Testcase2 -->
