<?xml version="1.0" encoding="UTF-8"?>
<!-- Generated by org.testng.reporters.JUnitReportReporter -->
<testsuite hostname="UNVII" failures="0" tests="1" name="Appium.Appium.Testcase2" time="34.361" errors="0" timestamp="2025-08-13T10:14:25 IST" skipped="0">
  <testcase classname="Appium.Appium.Testcase2" name="login" time="34.361"/>
</testsuite> <!-- Appium.Appium.Testcase2 -->
